# JRE version: OpenJDK Runtime Environment (10.0.2+13) (build 10.0.2+13-Ubuntu-1ubuntu0.18.04.4)
# Java VM: OpenJDK 64-Bit Server VM (10.0.2+13-Ubuntu-1ubuntu0.18.04.4, mixed mode, tiered, compressed oops, g1 gc, linux-amd64)
Heap:
 garbage-first heap   total 369664K, used 92769K [0x00000000c0000000, 0x0000000100000000)
  region size 1024K, 1 young (1024K), 1 survivors (1024K)
 Metaspace       used 88468K, capacity 90291K, committed 90832K, reserved 1128448K
  class space    used 10277K, capacity 10964K, committed 11008K, reserved 1048576K
GC Heap History (10 events):
Event: 373,452 GC heap after
{Heap after GC invocations=71 (full 0):
 garbage-first heap   total 199680K, used 82183K [0x00000000c0000000, 0x0000000100000000)
  region size 1024K, 7 young (7168K), 7 survivors (7168K)
 Metaspace       used 80732K, capacity 82483K, committed 83024K, reserved 1122304K
  class space    used 9356K, capacity 10008K, committed 10112K, reserved 1048576K
}
Event: 385,897 GC heap before
{Heap before GC invocations=71 (full 0):
 garbage-first heap   total 199680K, used 142599K [0x00000000c0000000, 0x0000000100000000)
  region size 1024K, 66 young (67584K), 7 survivors (7168K)
 Metaspace       used 80823K, capacity 82514K, committed 83024K, reserved 1122304K
  class space    used 9366K, capacity 10016K, committed 10112K, reserved 1048576K
}
Event: 386,993 GC heap after
{Heap after GC invocations=72 (full 0):
 garbage-first heap   total 199680K, used 85150K [0x00000000c0000000, 0x0000000100000000)
  region size 1024K, 7 young (7168K), 7 survivors (7168K)
 Metaspace       used 80823K, capacity 82514K, committed 83024K, reserved 1122304K
  class space    used 9366K, capacity 10016K, committed 10112K, reserved 1048576K
}
Event: 388,545 GC heap before
{Heap before GC invocations=72 (full 0):
 garbage-first heap   total 199680K, used 87198K [0x00000000c0000000, 0x0000000100000000)
  region size 1024K, 9 young (9216K), 7 survivors (7168K)
 Metaspace       used 80908K, capacity 82586K, committed 83024K, reserved 1122304K
  class space    used 9378K, capacity 10019K, committed 10112K, reserved 1048576K
}
Event: 388,572 GC heap after
{Heap after GC invocations=73 (full 0):
 garbage-first heap   total 199680K, used 84992K [0x00000000c0000000, 0x0000000100000000)
  region size 1024K, 1 young (1024K), 1 survivors (1024K)
 Metaspace       used 80908K, capacity 82586K, committed 83024K, reserved 1122304K
  class space    used 9378K, capacity 10019K, committed 10112K, reserved 1048576K
}
Event: 393,342 GC heap before
{Heap before GC invocations=73 (full 0):
 garbage-first heap   total 199680K, used 96256K [0x00000000c0000000, 0x0000000100000000)
  region size 1024K, 9 young (9216K), 1 survivors (1024K)
 Metaspace       used 81588K, capacity 83291K, committed 83792K, reserved 1122304K
  class space    used 9466K, capacity 10106K, committed 10112K, reserved 1048576K
}
Event: 393,362 GC heap after
{Heap after GC invocations=74 (full 0):
 garbage-first heap   total 199680K, used 84915K [0x00000000c0000000, 0x0000000100000000)
  region size 1024K, 1 young (1024K), 1 survivors (1024K)
 Metaspace       used 81588K, capacity 83291K, committed 83792K, reserved 1122304K
  class space    used 9466K, capacity 10106K, committed 10112K, reserved 1048576K
}
Event: 407,099 GC heap before
{Heap before GC invocations=74 (full 0):
 garbage-first heap   total 199680K, used 163763K [0x00000000c0000000, 0x0000000100000000)
  region size 1024K, 77 young (78848K), 1 survivors (1024K)
 Metaspace       used 88451K, capacity 90227K, committed 90832K, reserved 1128448K
  class space    used 10277K, capacity 10964K, committed 11008K, reserved 1048576K
}
Event: 407,947 GC heap after
{Heap after GC invocations=75 (full 0):
 garbage-first heap   total 199680K, used 91930K [0x00000000c0000000, 0x0000000100000000)
  region size 1024K, 8 young (8192K), 8 survivors (8192K)
 Metaspace       used 88451K, capacity 90227K, committed 90832K, reserved 1128448K
  class space    used 10277K, capacity 10964K, committed 11008K, reserved 1048576K
}
Event: 407,992 GC heap before
{Heap before GC invocations=75 (full 0):
 garbage-first heap   total 199680K, used 92954K [0x00000000c0000000, 0x0000000100000000)
  region size 1024K, 9 young (9216K), 8 survivors (8192K)
 Metaspace       used 88468K, capacity 90291K, committed 90832K, reserved 1128448K
  class space    used 10277K, capacity 10964K, committed 11008K, reserved 1048576K
}

